#
# A fatal error has been detected by the Java Runtime Environment:
#
#  EXCEPTION_ACCESS_VIOLATION (0xc0000005) at pc=0x729b0b80, pid=18128, tid=14904
#
# JRE version: 7.0_15-b03
# Java VM: Java HotSpot(TM) Client VM (23.7-b01 mixed mode windows-x86 )
# Problematic frame:
# V  [jvm.dll+0x20b80]
#
# Failed to write core dump. Minidumps are not enabled by default on client versions of Windows
#
# If you would like to submit a bug report, please visit:
#   http://bugreport.sun.com/bugreport/crash.jsp
#

---------------  T H R E A D  ---------------

Current thread (0x18897c00):  JavaThread "JDWP Transport Listener: dt_socket" daemon [_thread_in_vm, id=14904, stack(0x192c0000,0x19310000)]

siginfo: ExceptionCode=0xc0000005, reading address 0x00000008

Registers:
EAX=0x04800c58, EBX=0x04800c58, ECX=0x00000000, EDX=0x00000000
ESP=0x1930f540, EBP=0x1930f544, ESI=0x00000000, EDI=0x18897c00
EIP=0x729b0b80, EFLAGS=0x00010246

Top of Stack: (sp=0x1930f540)
0x1930f540:   18897d28 1930f56c 72a363f3 04800c58
0x1930f550:   18897d28 708fe174 708fe15c 18897c00
0x1930f560:   00000000 18897d28 1930f630 708fe99c
0x1930f570:   708e63b2 18897d28 1881663c 00000000
0x1930f580:   1930f5a4 1930f630 19dcdf48 1930f5e0
0x1930f590:   1881663c 1930f5b0 708ebd12 1930f5b0
0x1930f5a0:   1930f5e4 708fe890 71a45004 70902c68
0x1930f5b0:   19dd95b0 0000000b 42df0000 00000013 

Instructions: (pc=0x729b0b80)
0x729b0b60:   8b 0d 48 0d c9 72 85 c9 7e 05 8b 0c 01 eb 02 33
0x729b0b70:   c9 8b 15 4c 0d c9 72 85 d2 7e 05 8b 04 02 eb 03
0x729b0b80:   8b 46 08 85 c0 75 0f 33 c9 50 51 e8 c0 cb 14 00
0x729b0b90:   83 c4 08 5e 5d c3 8d 4c 4e 0c 50 51 e8 af cb 14 


Register to memory mapping:

EAX=0x04800c58 is an oop
java.lang.String 
 - klass: 'java/lang/String'
EBX=0x04800c58 is an oop
java.lang.String 
 - klass: 'java/lang/String'
ECX=0x00000000 is an unknown value
EDX=0x00000000 is an unknown value
ESP=0x1930f540 is pointing into the stack for thread: 0x18897c00
EBP=0x1930f544 is pointing into the stack for thread: 0x18897c00
ESI=0x00000000 is an unknown value
EDI=0x18897c00 is a thread


Stack: [0x192c0000,0x19310000],  sp=0x1930f540,  free space=317k
Native frames: (J=compiled Java code, j=interpreted, Vv=VM code, C=native code)
V  [jvm.dll+0x20b80]
V  [jvm.dll+0xa63f3]


---------------  P R O C E S S  ---------------

Java Threads: ( => current thread )
  0x1895d400 JavaThread "ReaderThread" [_thread_in_native, id=4692, stack(0x19d50000,0x19da0000)]
  0x188b5c00 JavaThread "Service Thread" daemon [_thread_blocked, id=3184, stack(0x19670000,0x196c0000)]
  0x188b1400 JavaThread "C1 CompilerThread0" daemon [_thread_blocked, id=18136, stack(0x19b60000,0x19bb0000)]
  0x188a1000 JavaThread "JDWP Command Reader" daemon [_thread_in_native, id=6564, stack(0x19710000,0x19760000)]
  0x1889fc00 JavaThread "JDWP Event Helper Thread" daemon [_thread_blocked, id=17544, stack(0x195e0000,0x19630000)]
=>0x18897c00 JavaThread "JDWP Transport Listener: dt_socket" daemon [_thread_in_vm, id=14904, stack(0x192c0000,0x19310000)]
  0x18890400 JavaThread "Attach Listener" daemon [_thread_blocked, id=16444, stack(0x18d20000,0x18d70000)]
  0x1888d000 JavaThread "Signal Dispatcher" daemon [_thread_blocked, id=14800, stack(0x18b80000,0x18bd0000)]
  0x18810000 JavaThread "Finalizer" daemon [_thread_blocked, id=17868, stack(0x18bf0000,0x18c40000)]
  0x1880b400 JavaThread "Reference Handler" daemon [_thread_blocked, id=17492, stack(0x18ad0000,0x18b20000)]
  0x003cbc00 JavaThread "main" [_thread_blocked, id=15024, stack(0x00360000,0x003b0000)]

Other Threads:
  0x18807000 VMThread [stack: 0x012c0000,0x01310000] [id=17484]
  0x188c1c00 WatcherThread [stack: 0x19bb0000,0x19c00000] [id=14020]

VM state:not at safepoint (normal execution)

VM Mutex/Monitor currently owned by a thread: None

Heap
 def new generation   total 4928K, used 598K [0x04800000, 0x04d50000, 0x09d50000)
  eden space 4416K,   1% used [0x04800000, 0x04815b88, 0x04c50000)
  from space 512K, 100% used [0x04cd0000, 0x04d50000, 0x04d50000)
  to   space 512K,   0% used [0x04c50000, 0x04c50000, 0x04cd0000)
 tenured generation   total 10944K, used 762K [0x09d50000, 0x0a800000, 0x14800000)
   the space 10944K,   6% used [0x09d50000, 0x09e0eba8, 0x09e0ec00, 0x0a800000)
 compacting perm gen  total 12288K, used 3681K [0x14800000, 0x15400000, 0x18800000)
   the space 12288K,  29% used [0x14800000, 0x14b98660, 0x14b98800, 0x15400000)
No shared spaces configured.

Card table byte_map: [0x00580000,0x00630000] byte_map_base: 0x0055c000

Polling page: 0x00170000

Code Cache  [0x02800000, 0x028d0000, 0x04800000)
 total_blobs=239 nmethods=100 adapters=82 free_code_cache=31961Kb largest_free_block=32728448

Compilation events (10 events):
Event: 0.340 Thread 0x188b1400   96             java.util.ArrayList::access$100 (5 bytes)
Event: 0.340 Thread 0x188b1400 nmethod 96 0x028c88c8 code [0x028c89c0, 0x028c8a30]
Event: 0.342 Thread 0x188b1400   97             java.util.HashMap::createEntry (39 bytes)
Event: 0.342 Thread 0x188b1400 nmethod 97 0x028c8a88 code [0x028c8b90, 0x028c8d60]
Event: 0.343 Thread 0x188b1400   98             java.lang.String::indexOf (25 bytes)
Event: 0.343 Thread 0x188b1400 nmethod 98 0x028c9388 code [0x028c9490, 0x028c956c]
Event: 0.350 Thread 0x188b1400   99             java.net.URL::getProtocol (5 bytes)
Event: 0.350 Thread 0x188b1400 nmethod 99 0x028c9648 code [0x028c9740, 0x028c97c0]
Event: 0.351 Thread 0x188b1400  100             java.lang.StringBuilder::toString (17 bytes)
Event: 0.351 Thread 0x188b1400 nmethod 100 0x028c9808 code [0x028c9910, 0x028c99fc]

GC Heap History (2 events):
Event: 0.352 GC heap before
{Heap before GC invocations=0 (full 0):
 def new generation   total 4928K, used 4416K [0x04800000, 0x04d50000, 0x09d50000)
  eden space 4416K, 100% used [0x04800000, 0x04c50000, 0x04c50000)
  from space 512K,   0% used [0x04c50000, 0x04c50000, 0x04cd0000)
  to   space 512K,   0% used [0x04cd0000, 0x04cd0000, 0x04d50000)
 tenured generation   total 10944K, used 0K [0x09d50000, 0x0a800000, 0x14800000)
   the space 10944K,   0% used [0x09d50000, 0x09d50000, 0x09d50200, 0x0a800000)
 compacting perm gen  total 12288K, used 3680K [0x14800000, 0x15400000, 0x18800000)
   the space 12288K,  29% used [0x14800000, 0x14b98180, 0x14b98200, 0x15400000)
No shared spaces configured.
Event: 0.357 GC heap after
Heap after GC invocations=1 (full 0):
 def new generation   total 4928K, used 512K [0x04800000, 0x04d50000, 0x09d50000)
  eden space 4416K,   0% used [0x04800000, 0x04800000, 0x04c50000)
  from space 512K, 100% used [0x04cd0000, 0x04d50000, 0x04d50000)
  to   space 512K,   0% used [0x04c50000, 0x04c50000, 0x04cd0000)
 tenured generation   total 10944K, used 762K [0x09d50000, 0x0a800000, 0x14800000)
   the space 10944K,   6% used [0x09d50000, 0x09e0eba8, 0x09e0ec00, 0x0a800000)
 compacting perm gen  total 12288K, used 3680K [0x14800000, 0x15400000, 0x18800000)
   the space 12288K,  29% used [0x14800000, 0x14b98180, 0x14b98200, 0x15400000)
No shared spaces configured.
}

Deoptimization events (0 events):
No events

Internal exceptions (10 events):
Event: 0.348 Thread 0x003cbc00 Threw 0x04c2a650 at C:\jdk7u2_32P\jdk7u15\hotspot\src\share\vm\prims\jvm.cpp:1166
Event: 0.348 Thread 0x003cbc00 Threw 0x04c2e388 at C:\jdk7u2_32P\jdk7u15\hotspot\src\share\vm\prims\jvm.cpp:1166
Event: 0.349 Thread 0x003cbc00 Threw 0x04c32f40 at C:\jdk7u2_32P\jdk7u15\hotspot\src\share\vm\prims\jvm.cpp:1166
Event: 0.349 Thread 0x003cbc00 Threw 0x04c37f48 at C:\jdk7u2_32P\jdk7u15\hotspot\src\share\vm\prims\jvm.cpp:1166
Event: 0.350 Thread 0x003cbc00 Threw 0x04c3aca0 at C:\jdk7u2_32P\jdk7u15\hotspot\src\share\vm\prims\jvm.cpp:1166
Event: 0.350 Thread 0x003cbc00 Threw 0x04c3ec28 at C:\jdk7u2_32P\jdk7u15\hotspot\src\share\vm\prims\jvm.cpp:1166
Event: 0.350 Thread 0x003cbc00 Threw 0x04c423b8 at C:\jdk7u2_32P\jdk7u15\hotspot\src\share\vm\prims\jvm.cpp:1166
Event: 0.351 Thread 0x003cbc00 Threw 0x04c460a0 at C:\jdk7u2_32P\jdk7u15\hotspot\src\share\vm\prims\jvm.cpp:1166
Event: 0.351 Thread 0x003cbc00 Threw 0x04c48f20 at C:\jdk7u2_32P\jdk7u15\hotspot\src\share\vm\prims\jvm.cpp:1166
Event: 0.352 Thread 0x003cbc00 Threw 0x04c4d0f0 at C:\jdk7u2_32P\jdk7u15\hotspot\src\share\vm\prims\jvm.cpp:1166

Events (10 events):
Event: 32.280 Executing VM operation: ChangeSingleStep
Event: 32.280 Executing VM operation: ChangeSingleStep done
Event: 32.291 Executing VM operation: GetOrSetLocal
Event: 32.291 Executing VM operation: GetOrSetLocal done
Event: 365.122 Executing VM operation: GetOrSetLocal
Event: 365.122 Executing VM operation: GetOrSetLocal done
Event: 365.123 Executing VM operation: GetOrSetLocal
Event: 365.123 Executing VM operation: GetOrSetLocal done
Event: 367.478 Executing VM operation: GetOrSetLocal
Event: 367.478 Executing VM operation: GetOrSetLocal done


Dynamic libraries:
0x013d0000 - 0x013ff000 	D:\Program Files (x86)\Java\jdk1.7.0_15\bin\javaw.exe
0x77980000 - 0x77b00000 	C:\windows\SysWOW64\ntdll.dll
0x759d0000 - 0x75ae0000 	C:\windows\syswow64\kernel32.dll
0x77290000 - 0x772d7000 	C:\windows\syswow64\KERNELBASE.dll
0x774d0000 - 0x77571000 	C:\windows\syswow64\ADVAPI32.dll
0x76ee0000 - 0x76f8c000 	C:\windows\syswow64\msvcrt.dll
0x75950000 - 0x75969000 	C:\windows\SysWOW64\sechost.dll
0x754e0000 - 0x755d0000 	C:\windows\syswow64\RPCRT4.dll
0x75480000 - 0x754e0000 	C:\windows\syswow64\SspiCli.dll
0x75470000 - 0x7547c000 	C:\windows\syswow64\CRYPTBASE.dll
0x76c80000 - 0x76d80000 	C:\windows\syswow64\USER32.dll
0x76fa0000 - 0x77030000 	C:\windows\syswow64\GDI32.dll
0x76f90000 - 0x76f9a000 	C:\windows\syswow64\LPK.dll
0x758b0000 - 0x7594d000 	C:\windows\syswow64\USP10.dll
0x72da0000 - 0x72f3e000 	C:\windows\WinSxS\x86_microsoft.windows.common-controls_6595b64144ccf1df_6.0.7601.18837_none_41e855142bd5705d\COMCTL32.dll
0x75970000 - 0x759c7000 	C:\windows\syswow64\SHLWAPI.dll
0x75660000 - 0x756c0000 	C:\windows\system32\IMM32.DLL
0x77090000 - 0x7715c000 	C:\windows\syswow64\MSCTF.dll
0x72ce0000 - 0x72d9e000 	D:\Program Files (x86)\Java\jdk1.7.0_15\jre\bin\msvcr100.dll
0x72990000 - 0x72cdc000 	D:\Program Files (x86)\Java\jdk1.7.0_15\jre\bin\client\jvm.dll
0x72980000 - 0x72987000 	C:\windows\system32\WSOCK32.dll
0x76c40000 - 0x76c75000 	C:\windows\syswow64\WS2_32.dll
0x77950000 - 0x77956000 	C:\windows\syswow64\NSI.dll
0x737b0000 - 0x737e2000 	C:\windows\system32\WINMM.dll
0x76c30000 - 0x76c35000 	C:\windows\syswow64\PSAPI.DLL
0x72970000 - 0x7297c000 	D:\Program Files (x86)\Java\jdk1.7.0_15\jre\bin\verify.dll
0x72950000 - 0x72970000 	D:\Program Files (x86)\Java\jdk1.7.0_15\jre\bin\java.dll
0x708e0000 - 0x7090a000 	D:\Program Files (x86)\Java\jdk1.7.0_15\jre\bin\jdwp.dll
0x741d0000 - 0x741d7000 	D:\Program Files (x86)\Java\jdk1.7.0_15\jre\bin\npt.dll
0x72930000 - 0x72943000 	D:\Program Files (x86)\Java\jdk1.7.0_15\jre\bin\zip.dll
0x71a40000 - 0x71a48000 	D:\Program Files (x86)\Java\jdk1.7.0_15\jre\bin\dt_socket.dll
0x18d70000 - 0x18edd000 	C:\Program Files (x86)\Sangfor\SSL\ClientComponent\SangforNsp.dll
0x735a0000 - 0x736bc000 	C:\windows\system32\MFC42.DLL
0x77370000 - 0x774cd000 	C:\windows\syswow64\ole32.dll
0x769c0000 - 0x76a4f000 	C:\windows\syswow64\OLEAUT32.dll
0x73510000 - 0x7359c000 	C:\windows\system32\ODBC32.dll
0x75cf0000 - 0x7693b000 	C:\windows\syswow64\SHELL32.dll
0x75750000 - 0x75890000 	C:\windows\syswow64\urlmon.dll
0x76bf0000 - 0x76c1f000 	C:\windows\syswow64\XmlLite.dll
0x76de0000 - 0x76ed5000 	C:\windows\syswow64\WININET.dll
0x75ae0000 - 0x75ce1000 	C:\windows\syswow64\iertutil.dll
0x77160000 - 0x77281000 	C:\windows\syswow64\CRYPT32.dll
0x756c0000 - 0x756cc000 	C:\windows\syswow64\MSASN1.dll
0x731e0000 - 0x73246000 	C:\windows\system32\MSVCP60.dll
0x74da0000 - 0x74dbc000 	C:\windows\system32\iphlpapi.dll
0x74d90000 - 0x74d97000 	C:\windows\system32\WINNSI.DLL
0x73040000 - 0x73078000 	C:\windows\system32\odbcint.dll
0x772e0000 - 0x77363000 	C:\windows\syswow64\CLBCatQ.DLL
0x72fe0000 - 0x72ff0000 	C:\windows\system32\NLAapi.dll
0x72fd0000 - 0x72fe0000 	C:\windows\system32\napinsp.dll
0x72fb0000 - 0x72fc2000 	C:\windows\system32\pnrpnsp.dll
0x72fa0000 - 0x72fad000 	C:\windows\system32\wshbth.dll
0x73000000 - 0x7303c000 	C:\windows\System32\mswsock.dll
0x72f50000 - 0x72f94000 	C:\windows\system32\DNSAPI.dll
0x72f40000 - 0x72f48000 	C:\windows\System32\winrnr.dll
0x728b0000 - 0x728e8000 	C:\windows\System32\fwpuclnt.dll
0x728f0000 - 0x728f6000 	C:\windows\system32\rasadhlp.dll
0x197b0000 - 0x19b46000 	C:\Program Files (x86)\Sangfor\SSL\ClientComponent\SangforTcp.dll
0x74ef0000 - 0x74ef9000 	C:\windows\system32\VERSION.dll
0x72ff0000 - 0x72ff5000 	C:\windows\System32\wshtcpip.dll
0x72900000 - 0x72914000 	D:\Program Files (x86)\Java\jdk1.7.0_15\jre\bin\net.dll
0x72920000 - 0x72926000 	C:\windows\System32\wship6.dll
0x736c0000 - 0x737ab000 	C:\windows\system32\dbghelp.dll

VM Arguments:
jvm_args: -agentlib:jdwp=transport=dt_socket,suspend=y,address=localhost:61259 -Dfile.encoding=GBK 
java_command: org.eclipse.jdt.internal.junit.runner.RemoteTestRunner -version 3 -port 61258 -testLoaderClass org.eclipse.jdt.internal.junit4.runner.JUnit4TestLoader -loaderpluginname org.eclipse.jdt.junit4.runtime -classNames sample.TestHashCode
Launcher Type: SUN_STANDARD

Environment Variables:
JAVA_HOME=D:\Program Files (x86)\Java\jdk1.7.0_15
PATH=D:\Program Files (x86)\Java\jdk1.7.0_15\jre\bin;D:/Program Files (x86)/Java/jdk1.7.0_15/bin/../jre/bin/client;D:/Program Files (x86)/Java/jdk1.7.0_15/bin/../jre/bin;D:/Program Files (x86)/Java/jdk1.7.0_15/bin/../jre/lib/i386;E:\tools\javatools\nexus-2.1.2-bundle\nexus-2.1.2\\bin;D:\Program Files\python;C:\Program Files (x86)\Common Files\NetSarang;E:\tools\javatools\apache-maven-3.0.5\bin;D:\Program Files (x86)\Java\jdk1.7.0_15\bin;C:\Program Files (x86)\Intel\iCLS Client\;C:\Program Files\Intel\iCLS Client\;C:\windows\system32;C:\windows;C:\windows\System32\Wbem;C:\windows\System32\WindowsPowerShell\v1.0\;C:\Program Files (x86)\ATI Technologies\ATI.ACE\Core-Static;C:\Program Files\Intel\Intel(R) Management Engine Components\DAL;C:\Program Files\Intel\Intel(R) Management Engine Components\IPT;C:\Program Files (x86)\Intel\Intel(R) Management Engine Components\DAL;C:\Program Files (x86)\Intel\Intel(R) Management Engine Components\IPT;C:\Program Files\TortoiseSVN\bin;C:\Program Files (x86)\MySQL\MySQL Server 5.5\bin;C:\Program Files (x86)\Calibre2\;D:\Program Files\nodejs\;d:\Program Files\Git\cmd;d:\Program Files\OpenVPN\bin;C:\Users\ly-chenhaiy\AppData\Roaming\npm;E:\tools\util tool\eclipse-jee-luna-SR1-win32\eclipse;
USERNAME=ly-chenhaiy
OS=Windows_NT
PROCESSOR_IDENTIFIER=Intel64 Family 6 Model 60 Stepping 3, GenuineIntel



---------------  S Y S T E M  ---------------

OS: Windows 7 , 64 bit Build 7601 Service Pack 1

CPU:total 4 (2 cores per cpu, 2 threads per core) family 6 model 60 stepping 3, cmov, cx8, fxsr, mmx, sse, sse2, sse3, ssse3, sse4.1, sse4.2, popcnt, avx, avx2, ht, tsc, tscinvbit

Memory: 4k page, physical 8291840k(2483696k free), swap 16581820k(9438092k free)

vm_info: Java HotSpot(TM) Client VM (23.7-b01) for windows-x86 JRE (1.7.0_15-b03), built on Feb 15 2013 14:01:25 by "java_re" with unknown MS VC++:1600

time: Sun Dec 04 20:54:58 2016
elapsed time: 367 seconds

