#
# A fatal error has been detected by the Java Runtime Environment:
#
#  EXCEPTION_ACCESS_VIOLATION (0xc0000005) at pc=0x729b0b80, pid=16212, tid=17704
#
# JRE version: 7.0_15-b03
# Java VM: Java HotSpot(TM) Client VM (23.7-b01 mixed mode windows-x86 )
# Problematic frame:
# V  [jvm.dll+0x20b80]
#
# Failed to write core dump. Minidumps are not enabled by default on client versions of Windows
#
# If you would like to submit a bug report, please visit:
#   http://bugreport.sun.com/bugreport/crash.jsp
#

---------------  T H R E A D  ---------------

Current thread (0x18777c00):  JavaThread "JDWP Transport Listener: dt_socket" daemon [_thread_in_vm, id=17704, stack(0x19980000,0x199d0000)]

siginfo: ExceptionCode=0xc0000005, reading address 0x00000008

Registers:
EAX=0x04773af8, EBX=0x04773af8, ECX=0x00000000, EDX=0x00000000
ESP=0x199cf510, EBP=0x199cf514, ESI=0x00000000, EDI=0x18777c00
EIP=0x729b0b80, EFLAGS=0x00010246

Top of Stack: (sp=0x199cf510)
0x199cf510:   18777d28 199cf53c 72a363f3 04773af8
0x199cf520:   18777d28 708fe174 708fe15c 18777c00
0x199cf530:   00000000 18777d28 199cf600 708fe99c
0x199cf540:   708e63b2 18777d28 186f7ffc 00000000
0x199cf550:   199cf574 199cf600 1876c8d0 199cf5b0
0x199cf560:   186f7ffc 199cf580 708ebd12 199cf580
0x199cf570:   199cf5b4 708fe890 71a45004 70902c68
0x199cf580:   002bd2a8 0000000b 00000000 00000013 

Instructions: (pc=0x729b0b80)
0x729b0b60:   8b 0d 48 0d c9 72 85 c9 7e 05 8b 0c 01 eb 02 33
0x729b0b70:   c9 8b 15 4c 0d c9 72 85 d2 7e 05 8b 04 02 eb 03
0x729b0b80:   8b 46 08 85 c0 75 0f 33 c9 50 51 e8 c0 cb 14 00
0x729b0b90:   83 c4 08 5e 5d c3 8d 4c 4e 0c 50 51 e8 af cb 14 


Register to memory mapping:

EAX=0x04773af8 is an oop
java.lang.String 
 - klass: 'java/lang/String'
EBX=0x04773af8 is an oop
java.lang.String 
 - klass: 'java/lang/String'
ECX=0x00000000 is an unknown value
EDX=0x00000000 is an unknown value
ESP=0x199cf510 is pointing into the stack for thread: 0x18777c00
EBP=0x199cf514 is pointing into the stack for thread: 0x18777c00
ESI=0x00000000 is an unknown value
EDI=0x18777c00 is a thread


Stack: [0x19980000,0x199d0000],  sp=0x199cf510,  free space=317k
Native frames: (J=compiled Java code, j=interpreted, Vv=VM code, C=native code)
V  [jvm.dll+0x20b80]
V  [jvm.dll+0xa63f3]


---------------  P R O C E S S  ---------------

Java Threads: ( => current thread )
  0x18793000 JavaThread "Service Thread" daemon [_thread_blocked, id=4708, stack(0x19c30000,0x19c80000)]
  0x18790400 JavaThread "C1 CompilerThread0" daemon [_thread_blocked, id=13952, stack(0x19ad0000,0x19b20000)]
  0x18780c00 JavaThread "JDWP Command Reader" daemon [_thread_in_native, id=18220, stack(0x19900000,0x19950000)]
  0x1877fc00 JavaThread "JDWP Event Helper Thread" daemon [_thread_blocked, id=13932, stack(0x199d0000,0x19a20000)]
=>0x18777c00 JavaThread "JDWP Transport Listener: dt_socket" daemon [_thread_in_vm, id=17704, stack(0x19980000,0x199d0000)]
  0x18770400 JavaThread "Attach Listener" daemon [_thread_blocked, id=16392, stack(0x18ba0000,0x18bf0000)]
  0x1876d000 JavaThread "Signal Dispatcher" daemon [_thread_blocked, id=13488, stack(0x189d0000,0x18a20000)]
  0x186f0000 JavaThread "Finalizer" daemon [_thread_blocked, id=17512, stack(0x18c80000,0x18cd0000)]
  0x186eb400 JavaThread "Reference Handler" daemon [_thread_blocked, id=14060, stack(0x18b40000,0x18b90000)]
  0x002bbc00 JavaThread "main" [_thread_blocked, id=16584, stack(0x00210000,0x00260000)]

Other Threads:
  0x186e7000 VMThread [stack: 0x02500000,0x02550000] [id=14996]

VM state:not at safepoint (normal execution)

VM Mutex/Monitor currently owned by a thread: None

Heap
 def new generation   total 4928K, used 724K [0x046e0000, 0x04c30000, 0x09c30000)
  eden space 4416K,  16% used [0x046e0000, 0x04795060, 0x04b30000)
  from space 512K,   0% used [0x04b30000, 0x04b30000, 0x04bb0000)
  to   space 512K,   0% used [0x04bb0000, 0x04bb0000, 0x04c30000)
 tenured generation   total 10944K, used 0K [0x09c30000, 0x0a6e0000, 0x146e0000)
   the space 10944K,   0% used [0x09c30000, 0x09c30000, 0x09c30200, 0x0a6e0000)
 compacting perm gen  total 12288K, used 1467K [0x146e0000, 0x152e0000, 0x186e0000)
   the space 12288K,  11% used [0x146e0000, 0x1484ef90, 0x1484f000, 0x152e0000)
No shared spaces configured.

Card table byte_map: [0x008e0000,0x00990000] byte_map_base: 0x008bc900

Polling page: 0x00180000

Code Cache  [0x026e0000, 0x02728000, 0x046e0000)
 total_blobs=86 nmethods=0 adapters=63 free_code_cache=32486Kb largest_free_block=33265472

Compilation events (0 events):
No events

GC Heap History (0 events):
No events

Deoptimization events (0 events):
No events

Internal exceptions (1 events):
Event: 0.034 Thread 0x002bbc00 Threw 0x046e6060 at C:\jdk7u2_32P\jdk7u15\hotspot\src\share\vm\prims\jni.cpp:3994

Events (10 events):
Event: 0.590 Executing VM operation: GetOrSetLocal
Event: 0.590 Executing VM operation: GetOrSetLocal done
Event: 0.591 Executing VM operation: GetOrSetLocal
Event: 0.591 Executing VM operation: GetOrSetLocal done
Event: 0.592 Executing VM operation: GetOrSetLocal
Event: 0.592 Executing VM operation: GetOrSetLocal done
Event: 41.011 Executing VM operation: GetOrSetLocal
Event: 41.011 Executing VM operation: GetOrSetLocal done
Event: 41.013 Executing VM operation: GetOrSetLocal
Event: 41.013 Executing VM operation: GetOrSetLocal done


Dynamic libraries:
0x010c0000 - 0x010ef000 	D:\Program Files (x86)\Java\jdk1.7.0_15\bin\javaw.exe
0x77980000 - 0x77b00000 	C:\windows\SysWOW64\ntdll.dll
0x759d0000 - 0x75ae0000 	C:\windows\syswow64\kernel32.dll
0x77290000 - 0x772d7000 	C:\windows\syswow64\KERNELBASE.dll
0x774d0000 - 0x77571000 	C:\windows\syswow64\ADVAPI32.dll
0x76ee0000 - 0x76f8c000 	C:\windows\syswow64\msvcrt.dll
0x75950000 - 0x75969000 	C:\windows\SysWOW64\sechost.dll
0x754e0000 - 0x755d0000 	C:\windows\syswow64\RPCRT4.dll
0x75480000 - 0x754e0000 	C:\windows\syswow64\SspiCli.dll
0x75470000 - 0x7547c000 	C:\windows\syswow64\CRYPTBASE.dll
0x76c80000 - 0x76d80000 	C:\windows\syswow64\USER32.dll
0x76fa0000 - 0x77030000 	C:\windows\syswow64\GDI32.dll
0x76f90000 - 0x76f9a000 	C:\windows\syswow64\LPK.dll
0x758b0000 - 0x7594d000 	C:\windows\syswow64\USP10.dll
0x72da0000 - 0x72f3e000 	C:\windows\WinSxS\x86_microsoft.windows.common-controls_6595b64144ccf1df_6.0.7601.18837_none_41e855142bd5705d\COMCTL32.dll
0x75970000 - 0x759c7000 	C:\windows\syswow64\SHLWAPI.dll
0x75660000 - 0x756c0000 	C:\windows\system32\IMM32.DLL
0x77090000 - 0x7715c000 	C:\windows\syswow64\MSCTF.dll
0x72ce0000 - 0x72d9e000 	D:\Program Files (x86)\Java\jdk1.7.0_15\jre\bin\msvcr100.dll
0x72990000 - 0x72cdc000 	D:\Program Files (x86)\Java\jdk1.7.0_15\jre\bin\client\jvm.dll
0x72980000 - 0x72987000 	C:\windows\system32\WSOCK32.dll
0x76c40000 - 0x76c75000 	C:\windows\syswow64\WS2_32.dll
0x77950000 - 0x77956000 	C:\windows\syswow64\NSI.dll
0x737b0000 - 0x737e2000 	C:\windows\system32\WINMM.dll
0x76c30000 - 0x76c35000 	C:\windows\syswow64\PSAPI.DLL
0x72970000 - 0x7297c000 	D:\Program Files (x86)\Java\jdk1.7.0_15\jre\bin\verify.dll
0x72950000 - 0x72970000 	D:\Program Files (x86)\Java\jdk1.7.0_15\jre\bin\java.dll
0x708e0000 - 0x7090a000 	D:\Program Files (x86)\Java\jdk1.7.0_15\jre\bin\jdwp.dll
0x741d0000 - 0x741d7000 	D:\Program Files (x86)\Java\jdk1.7.0_15\jre\bin\npt.dll
0x72930000 - 0x72943000 	D:\Program Files (x86)\Java\jdk1.7.0_15\jre\bin\zip.dll
0x71a40000 - 0x71a48000 	D:\Program Files (x86)\Java\jdk1.7.0_15\jre\bin\dt_socket.dll
0x18dd0000 - 0x18f3d000 	C:\Program Files (x86)\Sangfor\SSL\ClientComponent\SangforNsp.dll
0x735a0000 - 0x736bc000 	C:\windows\system32\MFC42.DLL
0x77370000 - 0x774cd000 	C:\windows\syswow64\ole32.dll
0x769c0000 - 0x76a4f000 	C:\windows\syswow64\OLEAUT32.dll
0x73510000 - 0x7359c000 	C:\windows\system32\ODBC32.dll
0x75cf0000 - 0x7693b000 	C:\windows\syswow64\SHELL32.dll
0x75750000 - 0x75890000 	C:\windows\syswow64\urlmon.dll
0x76bf0000 - 0x76c1f000 	C:\windows\syswow64\XmlLite.dll
0x76de0000 - 0x76ed5000 	C:\windows\syswow64\WININET.dll
0x75ae0000 - 0x75ce1000 	C:\windows\syswow64\iertutil.dll
0x77160000 - 0x77281000 	C:\windows\syswow64\CRYPT32.dll
0x756c0000 - 0x756cc000 	C:\windows\syswow64\MSASN1.dll
0x731e0000 - 0x73246000 	C:\windows\system32\MSVCP60.dll
0x74da0000 - 0x74dbc000 	C:\windows\system32\iphlpapi.dll
0x74d90000 - 0x74d97000 	C:\windows\system32\WINNSI.DLL
0x73040000 - 0x73078000 	C:\windows\system32\odbcint.dll
0x772e0000 - 0x77363000 	C:\windows\syswow64\CLBCatQ.DLL
0x72fe0000 - 0x72ff0000 	C:\windows\system32\NLAapi.dll
0x72fd0000 - 0x72fe0000 	C:\windows\system32\napinsp.dll
0x72fb0000 - 0x72fc2000 	C:\windows\system32\pnrpnsp.dll
0x72fa0000 - 0x72fad000 	C:\windows\system32\wshbth.dll
0x73000000 - 0x7303c000 	C:\windows\System32\mswsock.dll
0x72f50000 - 0x72f94000 	C:\windows\system32\DNSAPI.dll
0x72f40000 - 0x72f48000 	C:\windows\System32\winrnr.dll
0x728b0000 - 0x728e8000 	C:\windows\System32\fwpuclnt.dll
0x728f0000 - 0x728f6000 	C:\windows\system32\rasadhlp.dll
0x194f0000 - 0x19886000 	C:\Program Files (x86)\Sangfor\SSL\ClientComponent\SangforTcp.dll
0x74ef0000 - 0x74ef9000 	C:\windows\system32\VERSION.dll
0x72ff0000 - 0x72ff5000 	C:\windows\System32\wshtcpip.dll
0x736c0000 - 0x737ab000 	C:\windows\system32\dbghelp.dll

VM Arguments:
jvm_args: -agentlib:jdwp=transport=dt_socket,suspend=y,address=localhost:61757 -Dfile.encoding=GBK 
java_command: org.eclipse.jdt.internal.junit.runner.RemoteTestRunner -version 3 -port 61756 -testLoaderClass org.eclipse.jdt.internal.junit4.runner.JUnit4TestLoader -loaderpluginname org.eclipse.jdt.junit4.runtime -classNames sample.TestHashCode
Launcher Type: SUN_STANDARD

Environment Variables:
JAVA_HOME=D:\Program Files (x86)\Java\jdk1.7.0_15
PATH=D:\Program Files (x86)\Java\jdk1.7.0_15\jre\bin;D:/Program Files (x86)/Java/jdk1.7.0_15/bin/../jre/bin/client;D:/Program Files (x86)/Java/jdk1.7.0_15/bin/../jre/bin;D:/Program Files (x86)/Java/jdk1.7.0_15/bin/../jre/lib/i386;E:\tools\javatools\nexus-2.1.2-bundle\nexus-2.1.2\\bin;D:\Program Files\python;C:\Program Files (x86)\Common Files\NetSarang;E:\tools\javatools\apache-maven-3.0.5\bin;D:\Program Files (x86)\Java\jdk1.7.0_15\bin;C:\Program Files (x86)\Intel\iCLS Client\;C:\Program Files\Intel\iCLS Client\;C:\windows\system32;C:\windows;C:\windows\System32\Wbem;C:\windows\System32\WindowsPowerShell\v1.0\;C:\Program Files (x86)\ATI Technologies\ATI.ACE\Core-Static;C:\Program Files\Intel\Intel(R) Management Engine Components\DAL;C:\Program Files\Intel\Intel(R) Management Engine Components\IPT;C:\Program Files (x86)\Intel\Intel(R) Management Engine Components\DAL;C:\Program Files (x86)\Intel\Intel(R) Management Engine Components\IPT;C:\Program Files\TortoiseSVN\bin;C:\Program Files (x86)\MySQL\MySQL Server 5.5\bin;C:\Program Files (x86)\Calibre2\;D:\Program Files\nodejs\;d:\Program Files\Git\cmd;d:\Program Files\OpenVPN\bin;C:\Users\ly-chenhaiy\AppData\Roaming\npm;E:\tools\util tool\eclipse-jee-luna-SR1-win32\eclipse;
USERNAME=ly-chenhaiy
OS=Windows_NT
PROCESSOR_IDENTIFIER=Intel64 Family 6 Model 60 Stepping 3, GenuineIntel



---------------  S Y S T E M  ---------------

OS: Windows 7 , 64 bit Build 7601 Service Pack 1

CPU:total 4 (2 cores per cpu, 2 threads per core) family 6 model 60 stepping 3, cmov, cx8, fxsr, mmx, sse, sse2, sse3, ssse3, sse4.1, sse4.2, popcnt, avx, avx2, ht, tsc, tscinvbit

Memory: 4k page, physical 8291840k(2342980k free), swap 16581820k(9272820k free)

vm_info: Java HotSpot(TM) Client VM (23.7-b01) for windows-x86 JRE (1.7.0_15-b03), built on Feb 15 2013 14:01:25 by "java_re" with unknown MS VC++:1600

time: Sun Dec 04 21:04:11 2016
elapsed time: 41 seconds

